2025-04-15 11:18:55,406 - db_helper - INFO - fetch_expense_summary called with start2024-08-01, end2024-08-05 date
2025-04-15 11:29:46,426 - db_helper - INFO - fetch_expense_for_date called with 2024-08-28
2025-04-15 14:17:18,575 - db_helper - INFO - fetch_expense_for_date called with 2024-08-01
2025-04-15 14:19:10,610 - db_helper - INFO - fetch_expense_for_date called with 2024-08-01
2025-04-15 14:20:44,003 - db_helper - INFO - fetch_expense_for_date called with 2024-08-01
2025-04-15 15:14:52,652 - db_helper - INFO - fetch_expense_for_date called with 2024-08-01
2025-04-15 15:15:38,464 - db_helper - INFO - fetch_expense_for_date called with 2024-08-01
2025-04-15 15:16:52,352 - db_helper - INFO - fetch_expense_for_date called with 2024-08-01
2025-04-15 15:17:41,377 - db_helper - INFO - fetch_expense_for_date called with 2024-08-01
2025-04-15 15:18:12,789 - db_helper - INFO - fetch_expense_for_date called with 2024-08-01
2025-04-15 15:31:29,575 - db_helper - INFO - fetch_expense_for_date called with 2024-08-01
2025-04-15 15:31:46,348 - db_helper - INFO - fetch_expense_for_date called with 2024-08-10
2025-04-15 15:31:57,088 - db_helper - INFO - fetch_expense_for_date called with 2024-08-10
2025-04-15 15:31:57,123 - db_helper - INFO - delete_expense_for_date called with 2024-08-10
2025-04-15 15:31:57,137 - db_helper - INFO - insert_expense called with expense:2024-08-10, amount 11.0, categoryRent, notesTest
2025-04-15 15:32:24,121 - db_helper - INFO - fetch_expense_for_date called with 2024-08-10
2025-04-15 18:26:31,318 - db_helper - INFO - fetch_expense_for_date called with 2024-08-01
2025-04-15 18:38:29,533 - db_helper - INFO - fetch_expense_summary called with start2024-08-01, end2024-08-05 date
2025-04-15 18:44:04,031 - db_helper - INFO - fetch_expense_for_date called with 2024-08-01
2025-04-15 19:09:42,409 - db_helper - INFO - fetch_expense_for_date called with 2024-08-10
2025-04-15 19:13:34,269 - db_helper - INFO - fetch_expense_for_date called with 2024-08-10
2025-04-15 19:15:03,969 - db_helper - INFO - fetch_expense_for_date called with 2024-08-10
2025-04-15 20:02:04,672 - db_helper - INFO - fetch_expense_for_date called with 2024-08-01
2025-04-15 20:02:08,258 - db_helper - INFO - fetch_expense_for_date called with 2024-08-01
2025-04-15 20:03:07,431 - db_helper - INFO - fetch_expense_for_date called with 2024-08-01
2025-04-15 20:03:09,722 - db_helper - INFO - fetch_expense_for_date called with 2024-08-01
2025-04-15 20:06:15,975 - db_helper - INFO - fetch_expense_for_date called with 2024-08-01
2025-04-15 20:06:17,560 - db_helper - INFO - fetch_expense_for_date called with 2024-08-01
2025-04-15 20:06:57,128 - db_helper - INFO - fetch_expense_for_date called with 2024-08-01
2025-04-15 20:06:59,367 - db_helper - INFO - fetch_expense_for_date called with 2024-08-01
2025-04-15 20:06:59,416 - db_helper - INFO - fetch_expense_summary called with start2024-08-01, end2024-08-05 date
2025-04-15 20:08:07,971 - db_helper - INFO - fetch_expense_for_date called with 2024-08-01
2025-04-15 20:08:09,532 - db_helper - INFO - fetch_expense_for_date called with 2024-08-01
2025-04-15 20:08:09,580 - db_helper - INFO - fetch_expense_summary called with start2024-08-01, end2024-08-05 date
2025-04-15 20:21:23,242 - db_helper - INFO - fetch_expense_for_date called with 2024-08-01
2025-04-15 20:21:24,980 - db_helper - INFO - fetch_expense_for_date called with 2024-08-01
2025-04-15 20:21:25,015 - db_helper - INFO - fetch_expense_summary called with start2024-08-01, end2024-08-05 date
2025-04-15 20:21:52,508 - db_helper - INFO - fetch_expense_for_date called with 2024-08-01
2025-04-15 20:21:54,344 - db_helper - INFO - fetch_expense_for_date called with 2024-08-01
2025-04-15 20:21:54,397 - db_helper - INFO - fetch_expense_summary called with start2024-08-01, end2024-08-05 date
2025-04-15 20:34:40,986 - db_helper - INFO - fetch_expense_for_date called with 2024-08-01
2025-04-15 23:32:45,031 - db_helper - INFO - fetch_expense_for_date called with 2024-08-01
2025-04-15 23:37:25,716 - db_helper - INFO - fetch_expense_for_date called with 2024-08-01
2025-04-15 23:37:25,744 - db_helper - INFO - fetch_expense_summary called with start2024-08-01, end2024-08-05 date
2025-04-15 23:37:46,011 - db_helper - INFO - fetch_expense_for_date called with 2024-08-01
2025-04-15 23:37:48,813 - db_helper - INFO - fetch_expense_for_date called with 2024-08-01
2025-04-15 23:37:49,797 - db_helper - INFO - fetch_expense_for_date called with 2024-08-01
2025-04-15 23:37:49,837 - db_helper - INFO - fetch_expense_summary called with start2024-08-17, end2024-08-24 date
2025-04-15 23:38:01,535 - db_helper - INFO - fetch_expense_for_date called with 2024-08-18
2025-04-15 23:38:11,879 - db_helper - INFO - fetch_expense_for_date called with 2024-08-18
2025-04-15 23:38:11,912 - db_helper - INFO - delete_expense_for_date called with 2024-08-18
2025-04-15 23:38:11,921 - db_helper - INFO - insert_expense called with expense:2024-08-18, amount 5000000.0, categoryShopping, notestest
2025-04-15 23:38:15,978 - db_helper - INFO - fetch_expense_for_date called with 2024-08-18
2025-04-15 23:38:16,025 - db_helper - INFO - fetch_expense_summary called with start2024-08-17, end2024-08-24 date
2025-04-15 23:38:52,383 - db_helper - INFO - fetch_expense_for_date called with 2024-08-18
2025-04-15 23:38:52,420 - db_helper - INFO - delete_expense_for_date called with 2024-08-18
2025-04-15 23:38:52,434 - db_helper - INFO - insert_expense called with expense:2024-08-18, amount 5000000.0, categoryShopping, notestest
2025-04-15 23:38:52,444 - db_helper - INFO - insert_expense called with expense:2024-08-18, amount 4000000.0, categoryShopping, notestest
2025-04-15 23:38:55,068 - db_helper - INFO - fetch_expense_for_date called with 2024-08-18
2025-04-15 23:38:55,113 - db_helper - INFO - fetch_expense_summary called with start2024-08-17, end2024-08-24 date
2025-04-15 23:39:16,892 - db_helper - INFO - fetch_expense_for_date called with 2024-08-18
2025-04-15 23:39:16,928 - db_helper - INFO - delete_expense_for_date called with 2024-08-18
2025-04-15 23:39:16,937 - db_helper - INFO - insert_expense called with expense:2024-08-18, amount 5000000.0, categoryShopping, notestest
2025-04-15 23:39:19,688 - db_helper - INFO - fetch_expense_for_date called with 2024-08-18
2025-04-15 23:39:19,728 - db_helper - INFO - fetch_expense_summary called with start2024-08-17, end2024-08-24 date
